Programming Mobile Applications for Android Handheld Systems/Lab3 - Intents, Permission, Fragments/Lab3a_MyBrowser/app/build/outputs/logs/manifest-merger-debug-report.txt
-- Merging decision tree log ---
manifest
ADDED from src\main\AndroidManifest.xml:2:1-39:12
	package
		ADDED from src\main\AndroidManifest.xml:3:5-47
		INJECTED from src\main\AndroidManifest.xml
		INJECTED from src\main\AndroidManifest.xml
	android:versionName
		ADDED from src\main\AndroidManifest.xml:5:5-30
		INJECTED from src\main\AndroidManifest.xml
		INJECTED from src\main\AndroidManifest.xml
	android:versionCode
		ADDED from src\main\AndroidManifest.xml:4:5-28
		INJECTED from src\main\AndroidManifest.xml
		INJECTED from src\main\AndroidManifest.xml
	xmlns:android
		ADDED from src\main\AndroidManifest.xml:2:11-69
uses-sdk
ADDED from src\main\AndroidManifest.xml:7:5-9:41
	android:targetSdkVersion
		ADDED from src\main\AndroidManifest.xml:9:9-38
		INJECTED from src\main\AndroidManifest.xml
		INJECTED from src\main\AndroidManifest.xml
	android:minSdkVersion
		ADDED from src\main\AndroidManifest.xml:8:9-35
		INJECTED from src\main\AndroidManifest.xml
		INJECTED from src\main\AndroidManifest.xml
application
ADDED from src\main\AndroidManifest.xml:11:5-37:19
	android:label
		ADDED from src\main\AndroidManifest.xml:14:9-41
	android:allowBackup
		ADDED from src\main\AndroidManifest.xml:12:9-35
	android:icon
		ADDED from src\main\AndroidManifest.xml:13:9-45
	android:theme
		ADDED from src\main\AndroidManifest.xml:15:9-40
activity#course.labs.intentslab.mybrowser.MyBrowserActivity
ADDED from src\main\AndroidManifest.xml:16:9-36:20
	android:label
		ADDED from src\main\AndroidManifest.xml:18:13-45
	android:name
		ADDED from src\main\AndroidManifest.xml:17:13-46
intent-filter#android.intent.action.MAIN+android.intent.action.VIEW+android.intent.category.BROWSABLE+android.intent.category.DEFAULT+android.intent.category.LAUNCHER
ADDED from src\main\AndroidManifest.xml:19:13-34:29
action#android.intent.action.MAIN
ADDED from src\main\AndroidManifest.xml:20:17-69
	android:name
		ADDED from src\main\AndroidManifest.xml:20:25-66
category#android.intent.category.LAUNCHER
ADDED from src\main\AndroidManifest.xml:21:17-77
	android:name
		ADDED from src\main\AndroidManifest.xml:21:27-74
action#android.intent.action.VIEW
ADDED from src\main\AndroidManifest.xml:22:17-69
	android:name
		ADDED from src\main\AndroidManifest.xml:22:25-66
category#android.intent.category.DEFAULT
ADDED from src\main\AndroidManifest.xml:23:17-76
	android:name
		ADDED from src\main\AndroidManifest.xml:23:27-73
category#android.intent.category.BROWSABLE
ADDED from src\main\AndroidManifest.xml:24:17-78
	android:name
		ADDED from src\main\AndroidManifest.xml:24:27-75
data
ADDED from src\main\AndroidManifest.xml:25:17-26:53
	android:host
		ADDED from src\main\AndroidManifest.xml:26:21-50
	android:scheme
		ADDED from src\main\AndroidManifest.xml:25:23-44